#
# A fatal error has been detected by the Java Runtime Environment:
#
#  SIGSEGV (0xb) at pc=0x00007ff8105c1ebe, pid=69892, tid=8707
#
# JRE version: OpenJDK Runtime Environment AdoptOpenJDK (14.0.2+12) (build 14.0.2+12)
# Java VM: OpenJDK 64-Bit Server VM AdoptOpenJDK (14.0.2+12, mixed mode, sharing, tiered, compressed oops, g1 gc, bsd-amd64)
# Problematic frame:
# C  [libsystem_pthread.dylib+0x2ebe]  pthread_rwlock_rdlock+0x0
#
# No core dump will be written. Core dumps have been disabled. To enable core dumping, try "ulimit -c unlimited" before starting Java again
#
# If you would like to submit a bug report, please visit:
#   https://github.com/AdoptOpenJDK/openjdk-support/issues
# The crash happened outside the Java Virtual Machine in native code.
# See problematic frame for where to report the bug.
#

---------------  S U M M A R Y ------------

Command Line: -ea -Dfile.encoding=UTF-8 -XX:+ShowCodeDetailsInExceptionMessages org.eclipse.jdt.internal.junit.runner.RemoteTestRunner -version 3 -port 49316 -testLoaderClass org.eclipse.jdt.internal.junit4.runner.JUnit4TestLoader -loaderpluginname org.eclipse.jdt.junit4.runtime -classNames org.jamdev.jdl4pam.animalSpot.AnimalSpotUnitTest

Host: MacBookPro16,1 x86_64 2600 MHz, 12 cores, 16G, Darwin 23.1.0
Time: Thu Nov 23 10:53:10 2023 GMT elapsed time: 85 seconds (0d 0h 1m 25s)

---------------  T H R E A D  ---------------

Current thread (0x00007f77d400b000):  JavaThread "main" [_thread_in_native, id=8707, stack(0x00007000044f1000,0x00007000045f1000)]

Stack: [0x00007000044f1000,0x00007000045f1000],  sp=0x00007000045ea6f8,  free space=997k
Native frames: (J=compiled Java code, A=aot compiled Java code, j=interpreted, Vv=VM code, C=native code)
C  [libsystem_pthread.dylib+0x2ebe]  pthread_rwlock_rdlock+0x0
C  [libtorch_cpu.dylib+0xccff105]  dnnl::impl::reorder_primitive_desc_create(std::__1::shared_ptr<dnnl::impl::primitive_desc_t>&, dnnl_engine*, dnnl_memory_desc_t const*, dnnl_engine*, dnnl_memory_desc_t const*, dnnl_engine*, dnnl_primitive_attr const*)+0x215
C  [libtorch_cpu.dylib+0xccff4a1]  dnnl_reorder_primitive_desc_create+0xb1
C  [libtorch_cpu.dylib+0x39a223]  dnnl::reorder::primitive_desc::primitive_desc(dnnl::memory const&, dnnl::memory const&, dnnl::primitive_attr const&, bool)+0xc3
C  [libtorch_cpu.dylib+0x397eac]  ideep::tensor::reorder_to(ideep::tensor&, ideep::attr_t const&) const+0x7c
C  [libtorch_cpu.dylib+0x39c9f7]  ideep::tensor::reorder_if_differ_in(ideep::tensor::desc const&, ideep::attr_t const&) const+0xe7
C  [libtorch_cpu.dylib+0xb379c9]  void ideep::convolution_forward::do_compute<false>(ideep::convolution_forward_params const&, ideep::tensor const&, ideep::tensor const&, ideep::tensor const&, ideep::tensor&)+0x189
C  [libtorch_cpu.dylib+0xbe2a07]  void ideep::convolution_forward::compute_dispatch_v2<false>(ideep::tensor const&, ideep::tensor const&, ideep::tensor const&, std::__1::vector<long long, std::__1::allocator<long long>> const&, ideep::tensor&, std::__1::vector<long long, std::__1::allocator<long long>> const&, std::__1::vector<long long, std::__1::allocator<long long>> const&, std::__1::vector<long long, std::__1::allocator<long long>> const&, std::__1::vector<long long, std::__1::allocator<long long>> const&, int, bool, ideep::attr_t const&, dnnl::algorithm, dnnl::prop_kind, ideep::engine const&)+0x4f7
C  [libtorch_cpu.dylib+0xbdf003]